#
# There is insufficient memory for the Java Runtime Environment to continue.
# Native memory allocation (malloc) failed to allocate 32744 bytes for ChunkPool::allocate
# Possible reasons:
#   The system is out of physical RAM or swap space
#   In 32 bit mode, the process size limit was hit
# Possible solutions:
#   Reduce memory load on the system
#   Increase physical memory or swap space
#   Check if swap backing store is full
#   Use 64 bit Java on a 64 bit OS
#   Decrease Java heap size (-Xmx/-Xms)
#   Decrease number of Java threads
#   Decrease Java thread stack sizes (-Xss)
#   Set larger code cache with -XX:ReservedCodeCacheSize=
# This output file may be truncated or incomplete.
#
#  Out of Memory Error (allocation.cpp:273), pid=9680, tid=0x0000000000001fc8
#
# JRE version: Java(TM) SE Runtime Environment (8.0_101-b13) (build 1.8.0_101-b13)
# Java VM: Java HotSpot(TM) 64-Bit Server VM (25.101-b13 mixed mode windows-amd64 compressed oops)
# Failed to write core dump. Minidumps are not enabled by default on client versions of Windows
#

---------------  T H R E A D  ---------------

Current thread (0x000000000753c800):  JavaThread "C1 CompilerThread2" daemon [_thread_in_native, id=8136, stack(0x0000000007ce0000,0x0000000007de0000)]

Stack: [0x0000000007ce0000,0x0000000007de0000]
[error occurred during error reporting (printing stack bounds), id 0xc0000005]

Native frames: (J=compiled Java code, j=interpreted, Vv=VM code, C=native code)


Current CompileTask:
C1:   2204 1159   !   3       com.android.dx.cf.code.BytecodeArray::parseInstruction (2764 bytes)


---------------  P R O C E S S  ---------------

Java Threads: ( => current thread )
  0x00000000076a3800 JavaThread "pool-2-thread-2" [_thread_in_Java, id=9476, stack(0x00000000081e0000,0x00000000082e0000)]
  0x0000000007640800 JavaThread "pool-3-thread-1" [_thread_blocked, id=11944, stack(0x00000000080e0000,0x00000000081e0000)]
  0x0000000007640000 JavaThread "pool-2-thread-1" [_thread_in_Java, id=8532, stack(0x0000000007fe0000,0x00000000080e0000)]
  0x0000000007562800 JavaThread "Service Thread" daemon [_thread_blocked, id=8052, stack(0x0000000007de0000,0x0000000007ee0000)]
=>0x000000000753c800 JavaThread "C1 CompilerThread2" daemon [_thread_in_native, id=8136, stack(0x0000000007ce0000,0x0000000007de0000)]
  0x0000000005b45800 JavaThread "C2 CompilerThread1" daemon [_thread_in_native, id=12072, stack(0x0000000007be0000,0x0000000007ce0000)]
  0x0000000005b43800 JavaThread "C2 CompilerThread0" daemon [_thread_in_native, id=7404, stack(0x0000000007ae0000,0x0000000007be0000)]
  0x0000000005b42800 JavaThread "Attach Listener" daemon [_thread_blocked, id=9008, stack(0x00000000079e0000,0x0000000007ae0000)]
  0x00000000074e8800 JavaThread "Signal Dispatcher" daemon [_thread_blocked, id=2628, stack(0x00000000078e0000,0x00000000079e0000)]
  0x0000000002415000 JavaThread "Finalizer" daemon [_thread_blocked, id=9596, stack(0x0000000006d40000,0x0000000006e40000)]
  0x0000000002410000 JavaThread "Reference Handler" daemon [_thread_blocked, id=10528, stack(0x0000000006c40000,0x0000000006d40000)]
  0x000000000231e000 JavaThread "main" [_thread_blocked, id=8412, stack(0x00000000021c0000,0x00000000022c0000)]

Other Threads:
  0x0000000005ab8000 VMThread [stack: 0x0000000006b40000,0x0000000006c40000] [id=9056]
  0x000000000758e800 WatcherThread [stack: 0x0000000007ee0000,0x0000000007fe0000] [id=6728]

VM state:not at safepoint (normal execution)

VM Mutex/Monitor currently owned by a thread: None

Heap:
 PSYoungGen      total 37888K, used 28483K [0x00000000eab00000, 0x00000000ed500000, 0x0000000100000000)
  eden space 32768K, 86% used [0x00000000eab00000,0x00000000ec6d0d90,0x00000000ecb00000)
  from space 5120K, 0% used [0x00000000ed000000,0x00000000ed000000,0x00000000ed500000)
  to   space 5120K, 0% used [0x00000000ecb00000,0x00000000ecb00000,0x00000000ed000000)
 ParOldGen       total 86016K, used 0K [0x00000000c0000000, 0x00000000c5400000, 0x00000000eab00000)
  object space 86016K, 0% used [0x00000000c0000000,0x00000000c0000000,0x00000000c5400000)
 Metaspace       used 5700K, capacity 6832K, committed 7040K, reserved 1056768K
  class space    used 575K, capacity 616K, committed 640K, reserved 1048576K

Card table byte_map: [0x00000000027e0000,0x00000000029f0000] byte_map_base: 0x00000000021e0000

Marking Bits: (ParMarkBitMap*) 0x000000006b3aa6d0
 Begin Bits: [0x0000000002f50000, 0x0000000003f50000)
 End Bits:   [0x0000000003f50000, 0x0000000004f50000)

Polling page: 0x00000000022c0000

CodeCache: size=245760Kb used=4674Kb max_used=4685Kb free=241085Kb
 bounds [0x0000000010030000, 0x00000000104d0000, 0x000000001f030000]
 total_blobs=1419 nmethods=1156 adapters=176
 compilation: enabled

Compilation events (10 events):
Event: 2.154 Thread 0x0000000005b45800 1154       4       com.android.dx.rop.code.ThrowingCstInsn::<init> (51 bytes)
Event: 2.157 Thread 0x0000000005b45800 nmethod 1154 0x00000000104c1950 code [0x00000000104c1aa0, 0x00000000104c1c58]
Event: 2.178 Thread 0x0000000005b45800 1155       4       com.android.dx.ssa.SCCP::addBlockToWorklist (47 bytes)
Event: 2.183 Thread 0x000000000753c800 1157       3       java.util.concurrent.locks.AbstractOwnableSynchronizer::setExclusiveOwnerThread (6 bytes)
Event: 2.183 Thread 0x000000000753c800 nmethod 1157 0x00000000104a5650 code [0x00000000104a57a0, 0x00000000104a5910]
Event: 2.195 Thread 0x0000000005b45800 nmethod 1155 0x00000000104c7490 code [0x00000000104c7620, 0x00000000104c7ee8]
Event: 2.195 Thread 0x0000000005b45800 1156       4       com.android.dx.ssa.SCCP::simulateStmt (481 bytes)
Event: 2.197 Thread 0x000000000753c800 1158       3       com.android.dx.rop.cst.CstBaseMethodRef::isInstanceInit (8 bytes)
Event: 2.197 Thread 0x000000000753c800 nmethod 1158 0x00000000104a4f50 code [0x00000000104a50c0, 0x00000000104a54e8]
Event: 2.197 Thread 0x000000000753c800 1159   !   3       com.android.dx.cf.code.BytecodeArray::parseInstruction (2764 bytes)

GC Heap History (0 events):
No events

Deoptimization events (10 events):
Event: 1.377 Thread 0x000000000231e000 Uncommon trap: reason=unloaded action=reinterpret pc=0x000000001031cc98 method=com.android.dx.ssa.SsaRenamer$BlockRenamer.visitMoveInsn(Lcom/android/dx/ssa/NormalSsaInsn;)V @ 208
Event: 1.378 Thread 0x000000000231e000 Uncommon trap: reason=null_check action=make_not_entrant pc=0x00000000102fa17c method=com.android.dx.ssa.SsaRenamer.getLocalForNewReg(I)Lcom/android/dx/rop/code/LocalItem; @ 19
Event: 1.379 Thread 0x000000000231e000 Uncommon trap: reason=unstable_if action=reinterpret pc=0x0000000010374928 method=com.android.dx.ssa.NormalSsaInsn.getLocalAssignment()Lcom/android/dx/rop/code/RegisterSpec; @ 12
Event: 1.379 Thread 0x000000000231e000 Uncommon trap: reason=unstable_if action=reinterpret pc=0x00000000103480f0 method=com.android.dx.ssa.NormalSsaInsn.getLocalAssignment()Lcom/android/dx/rop/code/RegisterSpec; @ 12
Event: 1.408 Thread 0x000000000231e000 Uncommon trap: reason=unstable_if action=reinterpret pc=0x000000001029b4e4 method=java.util.HashMap.getNode(ILjava/lang/Object;)Ljava/util/HashMap$Node; @ 129
Event: 1.579 Thread 0x000000000231e000 Uncommon trap: reason=class_check action=maybe_recompile pc=0x000000001043f85c method=com.android.dx.ssa.NormalSsaInsn.accept(Lcom/android/dx/ssa/SsaInsn$Visitor;)V @ 9
Event: 1.598 Thread 0x000000000231e000 Uncommon trap: reason=unstable_if action=reinterpret pc=0x00000000101b3a10 method=java.lang.String.<init>([CII)V @ 18
Event: 1.611 Thread 0x0000000007640000 Uncommon trap: reason=unstable_if action=reinterpret pc=0x00000000103a707c method=com.android.dx.ssa.SsaRenamer$BlockRenamer.addMapping(ILcom/android/dx/rop/code/RegisterSpec;)V @ 120
Event: 1.693 Thread 0x00000000076a3800 Uncommon trap: reason=unstable_if action=reinterpret pc=0x0000000010450030 method=com.android.dx.dex.code.OutputFinisher.hasLocalInfo(Lcom/android/dx/dex/code/DalvInsn;)Z @ 24
Event: 2.197 Thread 0x00000000076a3800 Uncommon trap: reason=uninitialized action=reinterpret pc=0x00000000104b2af8 method=com.android.dx.cf.code.BytecodeArray.parseInstruction(ILcom/android/dx/cf/code/BytecodeArray$Visitor;)I @ 1047

Internal exceptions (3 events):
Event: 0.159 Thread 0x000000000231e000 Exception <a 'java/lang/NoSuchMethodError': Method sun.misc.Unsafe.defineClass(Ljava/lang/String;[BII)Ljava/lang/Class; name or signature does not match> (0x00000000eab07cc0) thrown at [C:\re\workspace\8-2-build-windows-amd64-cygwin\jdk8u101\7261\hotspot\s‰´s©ZÄ?
Event: 0.159 Thread 0x000000000231e000 Exception <a 'java/lang/NoSuchMethodError': Method sun.misc.Unsafe.prefetchRead(Ljava/lang/Object;J)V name or signature does not match> (0x00000000eab07fa8) thrown at [C:\re\workspace\8-2-build-windows-amd64-cygwin\jdk8u101\7261\hotspot\src\share\vm\prims\Kãw%
ö?
Event: 1.377 Thread 0x000000000231e000 Implicit null exception at 0x00000000102f8d34 to 0x00000000102fa15d

Events (10 events):
Event: 1.693 Thread 0x00000000076a3800 DEOPT UNPACKING pc=0x000000001007582a sp=0x00000000082de928 mode 2
Event: 1.708 loading class java/util/HashMap$KeySet
Event: 1.709 loading class java/util/HashMap$KeySet done
Event: 1.709 loading class java/util/HashMap$KeyIterator
Event: 1.709 loading class java/util/HashMap$KeyIterator done
Event: 1.788 Thread 0x0000000007741000 Thread exited: 0x0000000007741000
Event: 2.183 Thread 0x000000000773f800 Thread exited: 0x000000000773f800
Event: 2.197 Thread 0x00000000076a3800 Uncommon trap: trap_request=0xffffffb5 fr.pc=0x00000000104b2af8
Event: 2.197 Thread 0x00000000076a3800 DEOPT PACKING pc=0x00000000104b2af8 sp=0x00000000082dea60
Event: 2.197 Thread 0x00000000076a3800 DEOPT UNPACKING pc=0x000000001007582a sp=0x00000000082de9e8 mode 2


Dynamic libraries:
0x00007ff744c80000 - 0x00007ff744cb7000 	D:\Coding\JAVA\JDK1.8\bin\java.exe
0x00007ff92a1c0000 - 0x00007ff92a382000 	C:\WINDOWS\SYSTEM32\ntdll.dll
0x00007ff927f60000 - 0x00007ff92800d000 	C:\WINDOWS\system32\KERNEL32.DLL
0x00007ff9276b0000 - 0x00007ff92788d000 	C:\WINDOWS\system32\KERNELBASE.dll
0x00007ff9282a0000 - 0x00007ff928346000 	C:\WINDOWS\system32\ADVAPI32.dll
0x00007ff927cb0000 - 0x00007ff927d4d000 	C:\WINDOWS\system32\msvcrt.dll
0x00007ff92a160000 - 0x00007ff92a1bb000 	C:\WINDOWS\system32\sechost.dll
0x00007ff927d50000 - 0x00007ff927e76000 	C:\WINDOWS\system32\RPCRT4.dll
0x00007ff927930000 - 0x00007ff927a7e000 	C:\WINDOWS\system32\USER32.dll
0x00007ff929fd0000 - 0x00007ff92a156000 	C:\WINDOWS\system32\GDI32.dll
0x00007ff922ef0000 - 0x00007ff923164000 	C:\WINDOWS\WinSxS\amd64_microsoft.windows.common-controls_6595b64144ccf1df_6.0.10240.16384_none_f41f7b285750ef43\COMCTL32.dll
0x00007ff927890000 - 0x00007ff9278c6000 	C:\WINDOWS\system32\IMM32.DLL
0x00007ff928400000 - 0x00007ff92855c000 	C:\WINDOWS\system32\MSCTF.dll
0x00007ff925990000 - 0x00007ff9259c1000 	C:\WINDOWS\system32\nvinitx.dll
0x00007ff925980000 - 0x00007ff92598a000 	C:\WINDOWS\SYSTEM32\VERSION.dll
0x000000000f000000 - 0x000000000f006000 	C:\Program Files\NVIDIA Corporation\CoProcManager\_etoured.dll
0x00007ff923580000 - 0x00007ff9235b2000 	C:\Program Files\NVIDIA Corporation\CoProcManager\nvd3d9wrapx.dll
0x00007ff928790000 - 0x00007ff928955000 	C:\WINDOWS\system32\SETUPAPI.dll
0x00007ff926fd0000 - 0x00007ff927014000 	C:\WINDOWS\system32\CFGMGR32.dll
0x00007ff9231c0000 - 0x00007ff9231e2000 	C:\Program Files\NVIDIA Corporation\CoProcManager\nvdxgiwrapx.dll
0x000000006a680000 - 0x000000006a752000 	D:\Coding\JAVA\JDK1.8\jre\bin\msvcr100.dll
0x000000006ab90000 - 0x000000006b42a000 	D:\Coding\JAVA\JDK1.8\jre\bin\server\jvm.dll
0x00007ff928010000 - 0x00007ff928018000 	C:\WINDOWS\system32\PSAPI.DLL
0x00007ff91aa50000 - 0x00007ff91aa59000 	C:\WINDOWS\SYSTEM32\WSOCK32.dll
0x00007ff927a80000 - 0x00007ff927ae9000 	C:\WINDOWS\system32\WS2_32.dll
0x00007ff928560000 - 0x00007ff928568000 	C:\WINDOWS\system32\NSI.dll
0x00007ff924fe0000 - 0x00007ff925003000 	C:\WINDOWS\SYSTEM32\WINMM.dll
0x00007ff924f80000 - 0x00007ff924fac000 	C:\WINDOWS\SYSTEM32\WINMMBASE.dll
0x00007ff925510000 - 0x00007ff925537000 	C:\WINDOWS\SYSTEM32\DEVOBJ.dll
0x000000006b9d0000 - 0x000000006b9df000 	D:\Coding\JAVA\JDK1.8\jre\bin\verify.dll
0x000000006b9a0000 - 0x000000006b9c9000 	D:\Coding\JAVA\JDK1.8\jre\bin\java.dll
0x000000006b980000 - 0x000000006b996000 	D:\Coding\JAVA\JDK1.8\jre\bin\zip.dll
0x00007ff9289e0000 - 0x00007ff929f02000 	C:\WINDOWS\system32\SHELL32.dll
0x0000000006ea0000 - 0x00000000074c8000 	C:\WINDOWS\system32\windows.storage.dll
0x00007ff928020000 - 0x00007ff92829c000 	C:\WINDOWS\system32\combase.dll
0x00007ff928730000 - 0x00007ff928781000 	C:\WINDOWS\system32\shlwapi.dll
0x00007ff926c80000 - 0x00007ff926c8f000 	C:\WINDOWS\system32\kernel.appcore.dll
0x00007ff926c90000 - 0x00007ff926d43000 	C:\WINDOWS\system32\shcore.dll
0x00007ff926c30000 - 0x00007ff926c7a000 	C:\WINDOWS\system32\powrprof.dll
0x00007ff926c10000 - 0x00007ff926c23000 	C:\WINDOWS\system32\profapi.dll

VM Arguments:
jvm_args: -Djava.awt.headless=true -Xmx1024M -Dfile.encoding=GBK -Duser.country=CN -Duser.language=zh -Duser.variant 
java_command: com.android.dx.command.Main --dex --force-jumbo --num-threads=4 --multi-dex --output E:\Code\Notepad\Notepad\build\intermediates\transforms\dex\debug\folders\1000\5\slice_2 E:\Code\Notepad\Notepad\build\intermediates\transforms\instantRunSlicer\debug\folders\1\5\slice_2
java_class_path (initial): D:\Coding\Android\android-sdk-windows\build-tools\23.0.1\lib\dx.jar
Launcher Type: SUN_STANDARD

Environment Variables:
JAVA_HOME=D:\Coding\JAVA\JDK1.8
CLASSPATH=.;%JAVA_HOME%\lib\dt.jar;%JAVA_HOME%\lib\tools.jar
USERNAME=xiaoguang
OS=Windows_NT
PROCESSOR_IDENTIFIER=Intel64 Family 6 Model 58 Stepping 9, GenuineIntel



---------------  S Y S T E M  ---------------

OS: Windows 10.0 , 64 bit Build 10240 (10.0.10240.16384)

CPU:total 4 (2 cores per cpu, 2 threads per core) family 6 model 58 stepping 9, cmov, cx8, fxsr, mmx, sse, sse2, sse3, ssse3, sse4.1, sse4.2, popcnt, avx, aes, clmul, erms, ht, tsc, tscinvbit, tscinv

Memory: 4k page, physical 8201824k(1222952k free), swap 15284832k(5128k free)

vm_info: Java HotSpot(TM) 64-Bit Server VM (25.101-b13) for windows-amd64 JRE (1.8.0_101-b13), built on Jun 22 2016 01:21:29 by "java_re" with MS VC++ 10.0 (VS2010)

time: Sat Oct 29 00:32:17 2016
elapsed time: 2 seconds (0d 0h 0m 2s)

